13:34:21.534 INFO - Selenium build info: version: '3.7.1', revision: '8a0099a'
13:34:21.534 INFO - Launching a standalone Selenium Server
2017-12-10 13:34:21.566:INFO::main: Logging initialized @272ms to org.seleniumhq.jetty9.util.log.StdErrLog
13:34:21.597 INFO - Driver class not found: com.opera.core.systems.OperaDriver
13:34:21.628 INFO - Driver provider class org.openqa.selenium.safari.SafariDriver registration is skipped:
 registration capabilities Capabilities {browserName: safari, platform: MAC, version: } does not match the current platform WIN10
13:34:21.659 INFO - Using the passthrough mode handler
2017-12-10 13:34:21.675:INFO:osjs.Server:main: jetty-9.4.5.v20170502
2017-12-10 13:34:21.691:WARN:osjs.SecurityHandler:main: ServletContext@o.s.j.s.ServletContextHandler@7c83dc97{/,null,STARTING} has uncovered http methods for path: /
2017-12-10 13:34:21.691:INFO:osjsh.ContextHandler:main: Started o.s.j.s.ServletContextHandler@7c83dc97{/,null,AVAILABLE}
2017-12-10 13:34:21.769:INFO:osjs.AbstractConnector:main: Started ServerConnector@25fb8912{HTTP/1.1,[http/1.1]}{0.0.0.0:4444}
2017-12-10 13:34:21.769:INFO:osjs.Server:main: Started @480ms
13:34:21.769 INFO - Selenium Server is up and running
2017-12-10 13:34:21.926:INFO:osjshC.ROOT:qtp135184888-14: org.openqa.selenium.remote.server.WebDriverServlet-217ed35e: Initialising WebDriverServlet
13:34:21.952 INFO - Found handler: org.openqa.selenium.remote.server.commandhandler.BeginSession@4eb059fd
13:34:21.952 INFO - /session: Executing POST on /session (handler: BeginSession)
13:34:22.001 INFO - Capabilities are: Capabilities {acceptSslCerts: true, browserName: chrome, javascriptEnabled: true, name: Tests}
13:34:22.002 INFO - Capabilities {acceptSslCerts: true, browserName: chrome, javascriptEnabled: true, name: Tests} matched class org.openqa.selenium.remote.server.ServicedSession$Factory (provider: org.openqa.selenium.chrome.ChromeDriverService)
Starting ChromeDriver 2.33.506120 (e3e53437346286c0bc2d2dc9aa4915ba81d9023f) on port 45785
Only local connections are allowed.
13:34:24.178 INFO - Detected dialect: OSS
13:34:24.423 INFO - Found handler: org.openqa.selenium.remote.server.ServicedSession@50ad8a6e
13:34:24.423 INFO - Handler thread for session 51b0f08d5fa7c80b2c41ebcea76c1018 (chrome): Executing POST on /session/51b0f08d5fa7c80b2c41ebcea76c1018/url (handler: ServicedSession)
13:34:24.423 INFO - To upstream: {"url":"http://localhost:3000"}
13:34:24.756 INFO - To downstream: {"sessionId":"51b0f08d5fa7c80b2c41ebcea76c1018","status":0,"value":null}
13:34:24.762 INFO - Found handler: org.openqa.selenium.remote.server.ServicedSession@50ad8a6e
13:34:24.763 INFO - Handler thread for session 51b0f08d5fa7c80b2c41ebcea76c1018 (chrome): Executing POST on /session/51b0f08d5fa7c80b2c41ebcea76c1018/elements (handler: ServicedSession)
13:34:24.764 INFO - To upstream: {"using":"css selector","value":"input[name=evenOddInput]"}
13:34:24.786 INFO - To downstream: {"sessionId":"51b0f08d5fa7c80b2c41ebcea76c1018","status":0,"value":[{"ELEMENT":"0.35437314820896915-1"}]}
13:34:24.791 INFO - Found handler: org.openqa.selenium.remote.server.ServicedSession@50ad8a6e
13:34:24.791 INFO - Handler thread for session 51b0f08d5fa7c80b2c41ebcea76c1018 (chrome): Executing GET on /session/51b0f08d5fa7c80b2c41ebcea76c1018/element/0.35437314820896915-1/displayed (handler: ServicedSession)
13:34:24.807 INFO - To downstream: {"sessionId":"51b0f08d5fa7c80b2c41ebcea76c1018","status":0,"value":true}
13:34:24.812 INFO - Found handler: org.openqa.selenium.remote.server.ServicedSession@50ad8a6e
13:34:24.813 INFO - Handler thread for session 51b0f08d5fa7c80b2c41ebcea76c1018 (chrome): Executing POST on /session/51b0f08d5fa7c80b2c41ebcea76c1018/element (handler: ServicedSession)
13:34:24.814 INFO - To upstream: {"using":"css selector","value":"input[name=evenOddInput]"}
13:34:24.831 INFO - To downstream: {"sessionId":"51b0f08d5fa7c80b2c41ebcea76c1018","status":0,"value":{"ELEMENT":"0.35437314820896915-1"}}
13:34:24.835 INFO - Found handler: org.openqa.selenium.remote.server.ServicedSession@50ad8a6e
13:34:24.835 INFO - Handler thread for session 51b0f08d5fa7c80b2c41ebcea76c1018 (chrome): Executing POST on /session/51b0f08d5fa7c80b2c41ebcea76c1018/element/0.35437314820896915-1/value (handler: ServicedSession)
13:34:24.837 INFO - To upstream: {"value":["-","4",",","2","0","0",",","-","5","7"]}
13:34:24.914 INFO - To downstream: {"sessionId":"51b0f08d5fa7c80b2c41ebcea76c1018","status":0,"value":null}
13:34:24.916 INFO - Found handler: org.openqa.selenium.remote.server.ServicedSession@50ad8a6e
13:34:24.916 INFO - Handler thread for session 51b0f08d5fa7c80b2c41ebcea76c1018 (chrome): Executing POST on /session/51b0f08d5fa7c80b2c41ebcea76c1018/element (handler: ServicedSession)
13:34:24.919 INFO - To upstream: {"using":"css selector","value":"button[name=\"evenOddButton\"]"}
13:34:24.935 INFO - To downstream: {"sessionId":"51b0f08d5fa7c80b2c41ebcea76c1018","status":0,"value":{"ELEMENT":"0.35437314820896915-2"}}
13:34:24.937 INFO - Found handler: org.openqa.selenium.remote.server.ServicedSession@50ad8a6e
13:34:24.937 INFO - Handler thread for session 51b0f08d5fa7c80b2c41ebcea76c1018 (chrome): Executing POST on /session/51b0f08d5fa7c80b2c41ebcea76c1018/element/0.35437314820896915-2/click (handler: ServicedSession)
13:34:24.938 INFO - To upstream: 
13:34:24.982 INFO - To downstream: {"sessionId":"51b0f08d5fa7c80b2c41ebcea76c1018","status":0,"value":null}
13:34:25.192 INFO - Found handler: org.openqa.selenium.remote.server.ServicedSession@50ad8a6e
13:34:25.192 INFO - Handler thread for session 51b0f08d5fa7c80b2c41ebcea76c1018 (chrome): Executing POST on /session/51b0f08d5fa7c80b2c41ebcea76c1018/elements (handler: ServicedSession)
13:34:25.192 INFO - To upstream: {"using":"css selector","value":"span[name=\"evenResults\"]"}
13:34:25.208 INFO - To downstream: {"sessionId":"51b0f08d5fa7c80b2c41ebcea76c1018","status":0,"value":[{"ELEMENT":"0.35437314820896915-3"}]}
13:34:25.208 INFO - Found handler: org.openqa.selenium.remote.server.ServicedSession@50ad8a6e
13:34:25.208 INFO - Handler thread for session 51b0f08d5fa7c80b2c41ebcea76c1018 (chrome): Executing GET on /session/51b0f08d5fa7c80b2c41ebcea76c1018/element/0.35437314820896915-3/text (handler: ServicedSession)
13:34:25.223 INFO - To downstream: {"sessionId":"51b0f08d5fa7c80b2c41ebcea76c1018","status":0,"value":"Evens: [-4,200]"}
13:34:25.223 INFO - Found handler: org.openqa.selenium.remote.server.ServicedSession@50ad8a6e
13:34:25.223 INFO - Handler thread for session 51b0f08d5fa7c80b2c41ebcea76c1018 (chrome): Executing POST on /session/51b0f08d5fa7c80b2c41ebcea76c1018/elements (handler: ServicedSession)
13:34:25.223 INFO - To upstream: {"using":"css selector","value":"span[name=\"oddResults\"]"}
13:34:25.239 INFO - To downstream: {"sessionId":"51b0f08d5fa7c80b2c41ebcea76c1018","status":0,"value":[{"ELEMENT":"0.35437314820896915-4"}]}
13:34:25.239 INFO - Found handler: org.openqa.selenium.remote.server.ServicedSession@50ad8a6e
13:34:25.239 INFO - Handler thread for session 51b0f08d5fa7c80b2c41ebcea76c1018 (chrome): Executing GET on /session/51b0f08d5fa7c80b2c41ebcea76c1018/element/0.35437314820896915-4/text (handler: ServicedSession)
13:34:25.271 INFO - To downstream: {"sessionId":"51b0f08d5fa7c80b2c41ebcea76c1018","status":0,"value":"Odds: [-57]"}
13:34:25.277 INFO - Found handler: org.openqa.selenium.remote.server.ServicedSession@50ad8a6e
13:34:25.277 INFO - Handler thread for session 51b0f08d5fa7c80b2c41ebcea76c1018 (chrome): Executing DELETE on /session/51b0f08d5fa7c80b2c41ebcea76c1018 (handler: ServicedSession)
13:34:25.304 INFO - To downstream: {"sessionId":"51b0f08d5fa7c80b2c41ebcea76c1018","status":0,"value":null}
13:34:25.309 INFO - Removing session org.openqa.selenium.remote.server.ServicedSession@50ad8a6e
